c:\users\john\desktop\그래픽스\3.1.2dobjects_glsl_tmp\3.1.2dobjects_glsl\debug\vc141.pdb
c:\users\john\desktop\그래픽스\3.1.2dobjects_glsl_tmp\3.1.2dobjects_glsl\debug\vc141.idb
c:\users\john\desktop\그래픽스\3.1.2dobjects_glsl_tmp\3.1.2dobjects_glsl\debug\3.1.2dobjects_glsl.obj
c:\users\john\desktop\그래픽스\3.1.2dobjects_glsl_tmp\3.1.2dobjects_glsl\debug\textclass.obj
c:\users\john\desktop\그래픽스\3.1.2dobjects_glsl_tmp\3.1.2dobjects_glsl\debug\swordclass.obj
c:\users\john\desktop\그래픽스\3.1.2dobjects_glsl_tmp\3.1.2dobjects_glsl\debug\shirtclass.obj
c:\users\john\desktop\그래픽스\3.1.2dobjects_glsl_tmp\3.1.2dobjects_glsl\debug\loadshaders.obj
c:\users\john\desktop\그래픽스\3.1.2dobjects_glsl_tmp\3.1.2dobjects_glsl\debug\object.obj
c:\users\john\desktop\그래픽스\3.1.2dobjects_glsl_tmp\3.1.2dobjects_glsl\debug\minimapclass.obj
c:\users\john\desktop\그래픽스\3.1.2dobjects_glsl_tmp\3.1.2dobjects_glsl\debug\lineclass.obj
c:\users\john\desktop\그래픽스\3.1.2dobjects_glsl_tmp\3.1.2dobjects_glsl\debug\houseclass.obj
c:\users\john\desktop\그래픽스\3.1.2dobjects_glsl_tmp\3.1.2dobjects_glsl\debug\cocktailclass.obj
c:\users\john\desktop\그래픽스\3.1.2dobjects_glsl_tmp\3.1.2dobjects_glsl\debug\cloudclass.obj
c:\users\john\desktop\그래픽스\3.1.2dobjects_glsl_tmp\3.1.2dobjects_glsl\debug\car2class.obj
c:\users\john\desktop\그래픽스\3.1.2dobjects_glsl_tmp\3.1.2dobjects_glsl\debug\car1class.obj
c:\users\john\desktop\그래픽스\3.1.2dobjects_glsl_tmp\3.1.2dobjects_glsl\debug\boxclass.obj
c:\users\john\desktop\그래픽스\3.1.2dobjects_glsl_tmp\3.1.2dobjects_glsl\debug\blocktileclass.obj
c:\users\john\desktop\그래픽스\3.1.2dobjects_glsl_tmp\3.1.2dobjects_glsl\debug\axesclass.obj
c:\users\john\desktop\그래픽스\3.1.2dobjects_glsl_tmp\3.1.2dobjects_glsl\debug\airplaneclass.obj
c:\users\john\desktop\그래픽스\3.1.2dobjects_glsl_tmp\debug\3.1.2dobjects_glsl.ilk
c:\users\john\desktop\그래픽스\3.1.2dobjects_glsl_tmp\debug\3.1.2dobjects_glsl.exe
c:\users\john\desktop\그래픽스\3.1.2dobjects_glsl_tmp\debug\3.1.2dobjects_glsl.pdb
c:\users\john\desktop\그래픽스\3.1.2dobjects_glsl_tmp\3.1.2dobjects_glsl\debug\3.1.2dob.ae9650ad.tlog\cl.command.1.tlog
c:\users\john\desktop\그래픽스\3.1.2dobjects_glsl_tmp\3.1.2dobjects_glsl\debug\3.1.2dob.ae9650ad.tlog\cl.read.1.tlog
c:\users\john\desktop\그래픽스\3.1.2dobjects_glsl_tmp\3.1.2dobjects_glsl\debug\3.1.2dob.ae9650ad.tlog\cl.write.1.tlog
c:\users\john\desktop\그래픽스\3.1.2dobjects_glsl_tmp\3.1.2dobjects_glsl\debug\3.1.2dob.ae9650ad.tlog\link.command.1.tlog
c:\users\john\desktop\그래픽스\3.1.2dobjects_glsl_tmp\3.1.2dobjects_glsl\debug\3.1.2dob.ae9650ad.tlog\link.read.1.tlog
c:\users\john\desktop\그래픽스\3.1.2dobjects_glsl_tmp\3.1.2dobjects_glsl\debug\3.1.2dob.ae9650ad.tlog\link.write.1.tlog
